0 info it worked if it ends with ok
1 verbose cli [ 'C:\\Program Files\\nodejs\\node.exe',
1 verbose cli   'C:\\Program Files\\nodejs\\node_modules\\npm\\bin\\npm-cli.js',
1 verbose cli   'install' ]
2 info using npm@3.10.10
3 info using node@v6.10.3
4 silly loadCurrentTree Starting
5 silly install loadCurrentTree
6 silly install readLocalPackageData
7 silly install normalizeTree
8 silly loadCurrentTree Finishing
9 silly loadIdealTree Starting
10 silly install loadIdealTree
11 silly cloneCurrentTree Starting
12 silly install cloneCurrentTreeToIdealTree
13 silly cloneCurrentTree Finishing
14 silly loadShrinkwrap Starting
15 silly install loadShrinkwrap
16 silly loadShrinkwrap Finishing
17 silly loadAllDepsIntoIdealTree Starting
18 silly install loadAllDepsIntoIdealTree
19 silly fetchNamedPackageData angular2
20 silly mapToRegistry name angular2
21 silly mapToRegistry using default registry
22 silly mapToRegistry registry https://registry.npmjs.org/
23 silly mapToRegistry data Result {
23 silly mapToRegistry   raw: 'angular2',
23 silly mapToRegistry   scope: null,
23 silly mapToRegistry   escapedName: 'angular2',
23 silly mapToRegistry   name: 'angular2',
23 silly mapToRegistry   rawSpec: '',
23 silly mapToRegistry   spec: 'latest',
23 silly mapToRegistry   type: 'tag' }
24 silly mapToRegistry uri https://registry.npmjs.org/angular2
25 silly fetchNamedPackageData systemjs
26 silly mapToRegistry name systemjs
27 silly mapToRegistry using default registry
28 silly mapToRegistry registry https://registry.npmjs.org/
29 silly mapToRegistry data Result {
29 silly mapToRegistry   raw: 'systemjs',
29 silly mapToRegistry   scope: null,
29 silly mapToRegistry   escapedName: 'systemjs',
29 silly mapToRegistry   name: 'systemjs',
29 silly mapToRegistry   rawSpec: '',
29 silly mapToRegistry   spec: 'latest',
29 silly mapToRegistry   type: 'tag' }
30 silly mapToRegistry uri https://registry.npmjs.org/systemjs
31 silly fetchNamedPackageData es6-promise
32 silly mapToRegistry name es6-promise
33 silly mapToRegistry using default registry
34 silly mapToRegistry registry https://registry.npmjs.org/
35 silly mapToRegistry data Result {
35 silly mapToRegistry   raw: 'es6-promise',
35 silly mapToRegistry   scope: null,
35 silly mapToRegistry   escapedName: 'es6-promise',
35 silly mapToRegistry   name: 'es6-promise',
35 silly mapToRegistry   rawSpec: '',
35 silly mapToRegistry   spec: 'latest',
35 silly mapToRegistry   type: 'tag' }
36 silly mapToRegistry uri https://registry.npmjs.org/es6-promise
37 silly fetchNamedPackageData es6-shim
38 silly mapToRegistry name es6-shim
39 silly mapToRegistry using default registry
40 silly mapToRegistry registry https://registry.npmjs.org/
41 silly mapToRegistry data Result {
41 silly mapToRegistry   raw: 'es6-shim',
41 silly mapToRegistry   scope: null,
41 silly mapToRegistry   escapedName: 'es6-shim',
41 silly mapToRegistry   name: 'es6-shim',
41 silly mapToRegistry   rawSpec: '',
41 silly mapToRegistry   spec: 'latest',
41 silly mapToRegistry   type: 'tag' }
42 silly mapToRegistry uri https://registry.npmjs.org/es6-shim
43 silly fetchNamedPackageData reflect-metadata
44 silly mapToRegistry name reflect-metadata
45 silly mapToRegistry using default registry
46 silly mapToRegistry registry https://registry.npmjs.org/
47 silly mapToRegistry data Result {
47 silly mapToRegistry   raw: 'reflect-metadata',
47 silly mapToRegistry   scope: null,
47 silly mapToRegistry   escapedName: 'reflect-metadata',
47 silly mapToRegistry   name: 'reflect-metadata',
47 silly mapToRegistry   rawSpec: '',
47 silly mapToRegistry   spec: 'latest',
47 silly mapToRegistry   type: 'tag' }
48 silly mapToRegistry uri https://registry.npmjs.org/reflect-metadata
49 silly fetchNamedPackageData rxjs
50 silly mapToRegistry name rxjs
51 silly mapToRegistry using default registry
52 silly mapToRegistry registry https://registry.npmjs.org/
53 silly mapToRegistry data Result {
53 silly mapToRegistry   raw: 'rxjs',
53 silly mapToRegistry   scope: null,
53 silly mapToRegistry   escapedName: 'rxjs',
53 silly mapToRegistry   name: 'rxjs',
53 silly mapToRegistry   rawSpec: '',
53 silly mapToRegistry   spec: 'latest',
53 silly mapToRegistry   type: 'tag' }
54 silly mapToRegistry uri https://registry.npmjs.org/rxjs
55 silly fetchNamedPackageData zone.js
56 silly mapToRegistry name zone.js
57 silly mapToRegistry using default registry
58 silly mapToRegistry registry https://registry.npmjs.org/
59 silly mapToRegistry data Result {
59 silly mapToRegistry   raw: 'zone.js',
59 silly mapToRegistry   scope: null,
59 silly mapToRegistry   escapedName: 'zone.js',
59 silly mapToRegistry   name: 'zone.js',
59 silly mapToRegistry   rawSpec: '',
59 silly mapToRegistry   spec: 'latest',
59 silly mapToRegistry   type: 'tag' }
60 silly mapToRegistry uri https://registry.npmjs.org/zone.js
61 verbose request uri https://registry.npmjs.org/angular2
62 verbose request no auth needed
63 info attempt registry request try #1 at 11:43:50 AM
64 verbose request id a31e0cb71c21db4c
65 verbose etag W/"59139c69-1bc0b"
66 verbose lastModified Wed, 10 May 2017 23:04:09 GMT
67 http request GET https://registry.npmjs.org/angular2
68 verbose request uri https://registry.npmjs.org/es6-shim
69 verbose request no auth needed
70 info attempt registry request try #1 at 11:43:50 AM
71 verbose etag W/"58ef85ed-33f99"
72 verbose lastModified Thu, 13 Apr 2017 14:06:37 GMT
73 http request GET https://registry.npmjs.org/es6-shim
74 verbose request uri https://registry.npmjs.org/systemjs
75 verbose request no auth needed
76 info attempt registry request try #1 at 11:43:50 AM
77 verbose etag W/"592d362d-36fa4"
78 verbose lastModified Tue, 30 May 2017 09:06:53 GMT
79 http request GET https://registry.npmjs.org/systemjs
80 verbose request uri https://registry.npmjs.org/reflect-metadata
81 verbose request no auth needed
82 info attempt registry request try #1 at 11:43:50 AM
83 verbose etag W/"58bdf32e-7088"
84 verbose lastModified Mon, 06 Mar 2017 23:39:26 GMT
85 http request GET https://registry.npmjs.org/reflect-metadata
86 verbose request uri https://registry.npmjs.org/es6-promise
87 verbose request no auth needed
88 info attempt registry request try #1 at 11:43:50 AM
89 verbose etag W/"5924017e-d8f7"
90 verbose lastModified Tue, 23 May 2017 09:31:42 GMT
91 http request GET https://registry.npmjs.org/es6-promise
92 verbose request uri https://registry.npmjs.org/rxjs
93 verbose request no auth needed
94 info attempt registry request try #1 at 11:43:50 AM
95 verbose etag W/"59205e69-273dc"
96 verbose lastModified Sat, 20 May 2017 15:19:05 GMT
97 http request GET https://registry.npmjs.org/rxjs
98 verbose request uri https://registry.npmjs.org/zone.js
99 verbose request no auth needed
100 info attempt registry request try #1 at 11:43:50 AM
101 verbose etag W/"591f55a3-26be6"
102 verbose lastModified Fri, 19 May 2017 20:29:23 GMT
103 http request GET https://registry.npmjs.org/zone.js
104 http 304 https://registry.npmjs.org/es6-promise
105 verbose headers { date: 'Wed, 31 May 2017 06:13:53 GMT',
105 verbose headers   via: '1.1 varnish',
105 verbose headers   'cache-control': 'max-age=300',
105 verbose headers   etag: 'W/"5924017e-d8f7"',
105 verbose headers   age: '204',
105 verbose headers   connection: 'keep-alive',
105 verbose headers   'x-served-by': 'cache-sin18020-SIN',
105 verbose headers   'x-cache': 'HIT',
105 verbose headers   'x-cache-hits': '4',
105 verbose headers   'x-timer': 'S1496211234.674666,VS0,VE0',
105 verbose headers   vary: 'Accept-Encoding' }
106 silly get cb [ 304,
106 silly get   { date: 'Wed, 31 May 2017 06:13:53 GMT',
106 silly get     via: '1.1 varnish',
106 silly get     'cache-control': 'max-age=300',
106 silly get     etag: 'W/"5924017e-d8f7"',
106 silly get     age: '204',
106 silly get     connection: 'keep-alive',
106 silly get     'x-served-by': 'cache-sin18020-SIN',
106 silly get     'x-cache': 'HIT',
106 silly get     'x-cache-hits': '4',
106 silly get     'x-timer': 'S1496211234.674666,VS0,VE0',
106 silly get     vary: 'Accept-Encoding' } ]
107 verbose etag https://registry.npmjs.org/es6-promise from cache
108 verbose get saving es6-promise to C:\Users\HP\AppData\Roaming\npm-cache\registry.npmjs.org\es6-promise\.cache.json
109 verbose correctMkdir C:\Users\HP\AppData\Roaming\npm-cache correctMkdir not in flight; initializing
110 silly resolveWithNewModule es6-promise@3.3.1 checking installable status
111 silly cache add args [ 'es6-promise@^3.0.2', null ]
112 verbose cache add spec es6-promise@^3.0.2
113 silly cache add parsed spec Result {
113 silly cache add   raw: 'es6-promise@^3.0.2',
113 silly cache add   scope: null,
113 silly cache add   escapedName: 'es6-promise',
113 silly cache add   name: 'es6-promise',
113 silly cache add   rawSpec: '^3.0.2',
113 silly cache add   spec: '>=3.0.2 <4.0.0',
113 silly cache add   type: 'range' }
114 silly addNamed es6-promise@>=3.0.2 <4.0.0
115 verbose addNamed ">=3.0.2 <4.0.0" is a valid semver range for es6-promise
116 silly addNameRange { name: 'es6-promise', range: '>=3.0.2 <4.0.0', hasData: false }
117 silly mapToRegistry name es6-promise
118 silly mapToRegistry using default registry
119 silly mapToRegistry registry https://registry.npmjs.org/
120 silly mapToRegistry data Result {
120 silly mapToRegistry   raw: 'es6-promise',
120 silly mapToRegistry   scope: null,
120 silly mapToRegistry   escapedName: 'es6-promise',
120 silly mapToRegistry   name: 'es6-promise',
120 silly mapToRegistry   rawSpec: '',
120 silly mapToRegistry   spec: 'latest',
120 silly mapToRegistry   type: 'tag' }
121 silly mapToRegistry uri https://registry.npmjs.org/es6-promise
122 verbose addNameRange registry:https://registry.npmjs.org/es6-promise not in flight; fetching
123 verbose get https://registry.npmjs.org/es6-promise not expired, no request
124 silly addNameRange number 2 { name: 'es6-promise', range: '>=3.0.2 <4.0.0', hasData: true }
125 silly addNameRange versions [ 'es6-promise',
125 silly addNameRange   [ '0.1.0',
125 silly addNameRange     '0.1.1',
125 silly addNameRange     '0.1.2',
125 silly addNameRange     '1.0.0',
125 silly addNameRange     '2.0.0',
125 silly addNameRange     '2.0.1',
125 silly addNameRange     '2.1.0',
125 silly addNameRange     '2.1.1',
125 silly addNameRange     '2.2.0',
125 silly addNameRange     '2.3.0',
125 silly addNameRange     '3.0.0',
125 silly addNameRange     '3.0.1',
125 silly addNameRange     '3.0.2',
125 silly addNameRange     '3.1.2',
125 silly addNameRange     '3.2.1',
125 silly addNameRange     '3.3.0',
125 silly addNameRange     '3.3.1',
125 silly addNameRange     '4.0.0',
125 silly addNameRange     '4.0.1',
125 silly addNameRange     '4.0.2',
125 silly addNameRange     '4.0.3',
125 silly addNameRange     '4.0.4',
125 silly addNameRange     '4.0.5',
125 silly addNameRange     '4.1.0' ] ]
126 silly addNamed es6-promise@3.3.1
127 verbose addNamed "3.3.1" is a plain semver version for es6-promise
128 silly cache afterAdd es6-promise@3.3.1
129 verbose afterAdd C:\Users\HP\AppData\Roaming\npm-cache\es6-promise\3.3.1\package\package.json not in flight; writing
130 verbose correctMkdir C:\Users\HP\AppData\Roaming\npm-cache correctMkdir not in flight; initializing
131 http 304 https://registry.npmjs.org/rxjs
132 verbose headers { date: 'Wed, 31 May 2017 06:13:54 GMT',
132 verbose headers   via: '1.1 varnish',
132 verbose headers   'cache-control': 'max-age=300',
132 verbose headers   etag: 'W/"59205e69-273dc"',
132 verbose headers   age: '102',
132 verbose headers   connection: 'keep-alive',
132 verbose headers   'x-served-by': 'cache-sin18023-SIN',
132 verbose headers   'x-cache': 'HIT',
132 verbose headers   'x-cache-hits': '3',
132 verbose headers   'x-timer': 'S1496211234.084120,VS0,VE0',
132 verbose headers   vary: 'Accept-Encoding' }
133 silly get cb [ 304,
133 silly get   { date: 'Wed, 31 May 2017 06:13:54 GMT',
133 silly get     via: '1.1 varnish',
133 silly get     'cache-control': 'max-age=300',
133 silly get     etag: 'W/"59205e69-273dc"',
133 silly get     age: '102',
133 silly get     connection: 'keep-alive',
133 silly get     'x-served-by': 'cache-sin18023-SIN',
133 silly get     'x-cache': 'HIT',
133 silly get     'x-cache-hits': '3',
133 silly get     'x-timer': 'S1496211234.084120,VS0,VE0',
133 silly get     vary: 'Accept-Encoding' } ]
134 verbose etag https://registry.npmjs.org/rxjs from cache
135 verbose get saving rxjs to C:\Users\HP\AppData\Roaming\npm-cache\registry.npmjs.org\rxjs\.cache.json
136 verbose correctMkdir C:\Users\HP\AppData\Roaming\npm-cache correctMkdir not in flight; initializing
137 verbose afterAdd C:\Users\HP\AppData\Roaming\npm-cache\es6-promise\3.3.1\package\package.json written
138 silly resolveWithNewModule rxjs@5.0.0-beta.0 checking installable status
139 silly cache add args [ 'rxjs@5.0.0-beta.0', null ]
140 verbose cache add spec rxjs@5.0.0-beta.0
141 silly cache add parsed spec Result {
141 silly cache add   raw: 'rxjs@5.0.0-beta.0',
141 silly cache add   scope: null,
141 silly cache add   escapedName: 'rxjs',
141 silly cache add   name: 'rxjs',
141 silly cache add   rawSpec: '5.0.0-beta.0',
141 silly cache add   spec: '5.0.0-beta.0',
141 silly cache add   type: 'version' }
142 silly addNamed rxjs@5.0.0-beta.0
143 verbose addNamed "5.0.0-beta.0" is a plain semver version for rxjs
144 silly mapToRegistry name rxjs
145 silly mapToRegistry using default registry
146 silly mapToRegistry registry https://registry.npmjs.org/
147 silly mapToRegistry data Result {
147 silly mapToRegistry   raw: 'rxjs',
147 silly mapToRegistry   scope: null,
147 silly mapToRegistry   escapedName: 'rxjs',
147 silly mapToRegistry   name: 'rxjs',
147 silly mapToRegistry   rawSpec: '',
147 silly mapToRegistry   spec: 'latest',
147 silly mapToRegistry   type: 'tag' }
148 silly mapToRegistry uri https://registry.npmjs.org/rxjs
149 verbose addNameVersion registry:https://registry.npmjs.org/rxjs not in flight; fetching
150 verbose get https://registry.npmjs.org/rxjs not expired, no request
151 silly mapToRegistry name rxjs
152 silly mapToRegistry using default registry
153 silly mapToRegistry registry https://registry.npmjs.org/
154 silly mapToRegistry data Result {
154 silly mapToRegistry   raw: 'rxjs',
154 silly mapToRegistry   scope: null,
154 silly mapToRegistry   escapedName: 'rxjs',
154 silly mapToRegistry   name: 'rxjs',
154 silly mapToRegistry   rawSpec: '',
154 silly mapToRegistry   spec: 'latest',
154 silly mapToRegistry   type: 'tag' }
155 silly mapToRegistry uri https://registry.npmjs.org/rxjs
156 verbose addRemoteTarball https://registry.npmjs.org/rxjs/-/rxjs-5.0.0-beta.0.tgz not in flight; adding
157 verbose addRemoteTarball [ 'https://registry.npmjs.org/rxjs/-/rxjs-5.0.0-beta.0.tgz',
157 verbose addRemoteTarball   '1945ac5aac66d338456c0c0a66a91d88ae81410f' ]
158 info retry fetch attempt 1 at 11:43:51 AM
159 info attempt registry request try #1 at 11:43:51 AM
160 http fetch GET https://registry.npmjs.org/rxjs/-/rxjs-5.0.0-beta.0.tgz
161 http 304 https://registry.npmjs.org/angular2
162 verbose headers { date: 'Wed, 31 May 2017 06:13:54 GMT',
162 verbose headers   via: '1.1 varnish',
162 verbose headers   'cache-control': 'max-age=300',
162 verbose headers   etag: 'W/"59139c69-1bc0b"',
162 verbose headers   age: '0',
162 verbose headers   connection: 'keep-alive',
162 verbose headers   'x-served-by': 'cache-sin18022-SIN',
162 verbose headers   'x-cache': 'HIT',
162 verbose headers   'x-cache-hits': '1',
162 verbose headers   'x-timer': 'S1496211234.361723,VS0,VE99',
162 verbose headers   vary: 'Accept-Encoding' }
163 silly get cb [ 304,
163 silly get   { date: 'Wed, 31 May 2017 06:13:54 GMT',
163 silly get     via: '1.1 varnish',
163 silly get     'cache-control': 'max-age=300',
163 silly get     etag: 'W/"59139c69-1bc0b"',
163 silly get     age: '0',
163 silly get     connection: 'keep-alive',
163 silly get     'x-served-by': 'cache-sin18022-SIN',
163 silly get     'x-cache': 'HIT',
163 silly get     'x-cache-hits': '1',
163 silly get     'x-timer': 'S1496211234.361723,VS0,VE99',
163 silly get     vary: 'Accept-Encoding' } ]
164 verbose etag https://registry.npmjs.org/angular2 from cache
165 verbose get saving angular2 to C:\Users\HP\AppData\Roaming\npm-cache\registry.npmjs.org\angular2\.cache.json
166 verbose correctMkdir C:\Users\HP\AppData\Roaming\npm-cache correctMkdir not in flight; initializing
167 silly resolveWithNewModule angular2@2.0.0-beta.0 checking installable status
168 silly cache add args [ 'angular2@2.0.0-beta.0', null ]
169 verbose cache add spec angular2@2.0.0-beta.0
170 silly cache add parsed spec Result {
170 silly cache add   raw: 'angular2@2.0.0-beta.0',
170 silly cache add   scope: null,
170 silly cache add   escapedName: 'angular2',
170 silly cache add   name: 'angular2',
170 silly cache add   rawSpec: '2.0.0-beta.0',
170 silly cache add   spec: '2.0.0-beta.0',
170 silly cache add   type: 'version' }
171 silly addNamed angular2@2.0.0-beta.0
172 verbose addNamed "2.0.0-beta.0" is a plain semver version for angular2
173 silly mapToRegistry name angular2
174 silly mapToRegistry using default registry
175 silly mapToRegistry registry https://registry.npmjs.org/
176 silly mapToRegistry data Result {
176 silly mapToRegistry   raw: 'angular2',
176 silly mapToRegistry   scope: null,
176 silly mapToRegistry   escapedName: 'angular2',
176 silly mapToRegistry   name: 'angular2',
176 silly mapToRegistry   rawSpec: '',
176 silly mapToRegistry   spec: 'latest',
176 silly mapToRegistry   type: 'tag' }
177 silly mapToRegistry uri https://registry.npmjs.org/angular2
178 verbose addNameVersion registry:https://registry.npmjs.org/angular2 not in flight; fetching
179 http fetch 200 https://registry.npmjs.org/rxjs/-/rxjs-5.0.0-beta.0.tgz
180 verbose get https://registry.npmjs.org/angular2 not expired, no request
181 silly mapToRegistry name angular2
182 silly mapToRegistry using default registry
183 silly mapToRegistry registry https://registry.npmjs.org/
184 silly mapToRegistry data Result {
184 silly mapToRegistry   raw: 'angular2',
184 silly mapToRegistry   scope: null,
184 silly mapToRegistry   escapedName: 'angular2',
184 silly mapToRegistry   name: 'angular2',
184 silly mapToRegistry   rawSpec: '',
184 silly mapToRegistry   spec: 'latest',
184 silly mapToRegistry   type: 'tag' }
185 silly mapToRegistry uri https://registry.npmjs.org/angular2
186 verbose addRemoteTarball https://registry.npmjs.org/angular2/-/angular2-2.0.0-beta.0.tgz not in flight; adding
187 verbose addRemoteTarball [ 'https://registry.npmjs.org/angular2/-/angular2-2.0.0-beta.0.tgz',
187 verbose addRemoteTarball   '97413fabc1eaf1547a081ba3ad4c61732db54837' ]
188 info retry fetch attempt 1 at 11:43:52 AM
189 info attempt registry request try #1 at 11:43:52 AM
190 http fetch GET https://registry.npmjs.org/angular2/-/angular2-2.0.0-beta.0.tgz
191 http 304 https://registry.npmjs.org/zone.js
192 verbose headers { date: 'Wed, 31 May 2017 06:13:54 GMT',
192 verbose headers   via: '1.1 varnish',
192 verbose headers   'cache-control': 'max-age=300',
192 verbose headers   etag: 'W/"591f55a3-26be6"',
192 verbose headers   age: '171',
192 verbose headers   connection: 'keep-alive',
192 verbose headers   'x-served-by': 'cache-sin18023-SIN',
192 verbose headers   'x-cache': 'HIT',
192 verbose headers   'x-cache-hits': '4',
192 verbose headers   'x-timer': 'S1496211234.478801,VS0,VE0',
192 verbose headers   vary: 'Accept-Encoding' }
193 silly get cb [ 304,
193 silly get   { date: 'Wed, 31 May 2017 06:13:54 GMT',
193 silly get     via: '1.1 varnish',
193 silly get     'cache-control': 'max-age=300',
193 silly get     etag: 'W/"591f55a3-26be6"',
193 silly get     age: '171',
193 silly get     connection: 'keep-alive',
193 silly get     'x-served-by': 'cache-sin18023-SIN',
193 silly get     'x-cache': 'HIT',
193 silly get     'x-cache-hits': '4',
193 silly get     'x-timer': 'S1496211234.478801,VS0,VE0',
193 silly get     vary: 'Accept-Encoding' } ]
194 verbose etag https://registry.npmjs.org/zone.js from cache
195 verbose get saving zone.js to C:\Users\HP\AppData\Roaming\npm-cache\registry.npmjs.org\zone.js\.cache.json
196 verbose correctMkdir C:\Users\HP\AppData\Roaming\npm-cache correctMkdir not in flight; initializing
197 silly resolveWithNewModule zone.js@0.5.10 checking installable status
198 silly cache add args [ 'zone.js@0.5.10', null ]
199 verbose cache add spec zone.js@0.5.10
200 silly cache add parsed spec Result {
200 silly cache add   raw: 'zone.js@0.5.10',
200 silly cache add   scope: null,
200 silly cache add   escapedName: 'zone.js',
200 silly cache add   name: 'zone.js',
200 silly cache add   rawSpec: '0.5.10',
200 silly cache add   spec: '0.5.10',
200 silly cache add   type: 'version' }
201 silly addNamed zone.js@0.5.10
202 verbose addNamed "0.5.10" is a plain semver version for zone.js
203 silly mapToRegistry name zone.js
204 silly mapToRegistry using default registry
205 silly mapToRegistry registry https://registry.npmjs.org/
206 silly mapToRegistry data Result {
206 silly mapToRegistry   raw: 'zone.js',
206 silly mapToRegistry   scope: null,
206 silly mapToRegistry   escapedName: 'zone.js',
206 silly mapToRegistry   name: 'zone.js',
206 silly mapToRegistry   rawSpec: '',
206 silly mapToRegistry   spec: 'latest',
206 silly mapToRegistry   type: 'tag' }
207 silly mapToRegistry uri https://registry.npmjs.org/zone.js
208 verbose addNameVersion registry:https://registry.npmjs.org/zone.js not in flight; fetching
209 verbose get https://registry.npmjs.org/zone.js not expired, no request
210 silly cache afterAdd zone.js@0.5.10
211 verbose afterAdd C:\Users\HP\AppData\Roaming\npm-cache\zone.js\0.5.10\package\package.json not in flight; writing
212 verbose correctMkdir C:\Users\HP\AppData\Roaming\npm-cache correctMkdir not in flight; initializing
213 verbose afterAdd C:\Users\HP\AppData\Roaming\npm-cache\zone.js\0.5.10\package\package.json written
214 http 304 https://registry.npmjs.org/systemjs
215 verbose headers { date: 'Wed, 31 May 2017 06:13:54 GMT',
215 verbose headers   via: '1.1 varnish',
215 verbose headers   'cache-control': 'max-age=300',
215 verbose headers   etag: 'W/"592d362d-36fa4"',
215 verbose headers   age: '234',
215 verbose headers   connection: 'keep-alive',
215 verbose headers   'x-served-by': 'cache-ams4434-AMS',
215 verbose headers   'x-cache': 'HIT',
215 verbose headers   'x-cache-hits': '1',
215 verbose headers   'x-timer': 'S1496211235.672793,VS0,VE0',
215 verbose headers   vary: 'Accept-Encoding' }
216 silly get cb [ 304,
216 silly get   { date: 'Wed, 31 May 2017 06:13:54 GMT',
216 silly get     via: '1.1 varnish',
216 silly get     'cache-control': 'max-age=300',
216 silly get     etag: 'W/"592d362d-36fa4"',
216 silly get     age: '234',
216 silly get     connection: 'keep-alive',
216 silly get     'x-served-by': 'cache-ams4434-AMS',
216 silly get     'x-cache': 'HIT',
216 silly get     'x-cache-hits': '1',
216 silly get     'x-timer': 'S1496211235.672793,VS0,VE0',
216 silly get     vary: 'Accept-Encoding' } ]
217 verbose etag https://registry.npmjs.org/systemjs from cache
218 verbose get saving systemjs to C:\Users\HP\AppData\Roaming\npm-cache\registry.npmjs.org\systemjs\.cache.json
219 verbose correctMkdir C:\Users\HP\AppData\Roaming\npm-cache correctMkdir not in flight; initializing
220 silly resolveWithNewModule systemjs@0.19.6 checking installable status
221 silly cache add args [ 'systemjs@0.19.6', null ]
222 verbose cache add spec systemjs@0.19.6
223 silly cache add parsed spec Result {
223 silly cache add   raw: 'systemjs@0.19.6',
223 silly cache add   scope: null,
223 silly cache add   escapedName: 'systemjs',
223 silly cache add   name: 'systemjs',
223 silly cache add   rawSpec: '0.19.6',
223 silly cache add   spec: '0.19.6',
223 silly cache add   type: 'version' }
224 silly addNamed systemjs@0.19.6
225 verbose addNamed "0.19.6" is a plain semver version for systemjs
226 silly mapToRegistry name systemjs
227 silly mapToRegistry using default registry
228 silly mapToRegistry registry https://registry.npmjs.org/
229 silly mapToRegistry data Result {
229 silly mapToRegistry   raw: 'systemjs',
229 silly mapToRegistry   scope: null,
229 silly mapToRegistry   escapedName: 'systemjs',
229 silly mapToRegistry   name: 'systemjs',
229 silly mapToRegistry   rawSpec: '',
229 silly mapToRegistry   spec: 'latest',
229 silly mapToRegistry   type: 'tag' }
230 silly mapToRegistry uri https://registry.npmjs.org/systemjs
231 verbose addNameVersion registry:https://registry.npmjs.org/systemjs not in flight; fetching
232 verbose get https://registry.npmjs.org/systemjs not expired, no request
233 silly cache afterAdd systemjs@0.19.6
234 verbose afterAdd C:\Users\HP\AppData\Roaming\npm-cache\systemjs\0.19.6\package\package.json not in flight; writing
235 verbose correctMkdir C:\Users\HP\AppData\Roaming\npm-cache correctMkdir not in flight; initializing
236 verbose afterAdd C:\Users\HP\AppData\Roaming\npm-cache\systemjs\0.19.6\package\package.json written
237 http fetch 200 https://registry.npmjs.org/angular2/-/angular2-2.0.0-beta.0.tgz
238 http 304 https://registry.npmjs.org/reflect-metadata
239 verbose headers { date: 'Wed, 31 May 2017 06:13:59 GMT',
239 verbose headers   via: '1.1 varnish',
239 verbose headers   'cache-control': 'max-age=300',
239 verbose headers   etag: 'W/"58bdf32e-7088"',
239 verbose headers   age: '104',
239 verbose headers   connection: 'keep-alive',
239 verbose headers   'x-served-by': 'cache-ams4139-AMS',
239 verbose headers   'x-cache': 'HIT',
239 verbose headers   'x-cache-hits': '2',
239 verbose headers   'x-timer': 'S1496211239.050350,VS0,VE0',
239 verbose headers   vary: 'Accept-Encoding' }
240 silly get cb [ 304,
240 silly get   { date: 'Wed, 31 May 2017 06:13:59 GMT',
240 silly get     via: '1.1 varnish',
240 silly get     'cache-control': 'max-age=300',
240 silly get     etag: 'W/"58bdf32e-7088"',
240 silly get     age: '104',
240 silly get     connection: 'keep-alive',
240 silly get     'x-served-by': 'cache-ams4139-AMS',
240 silly get     'x-cache': 'HIT',
240 silly get     'x-cache-hits': '2',
240 silly get     'x-timer': 'S1496211239.050350,VS0,VE0',
240 silly get     vary: 'Accept-Encoding' } ]
241 verbose etag https://registry.npmjs.org/reflect-metadata from cache
242 verbose get saving reflect-metadata to C:\Users\HP\AppData\Roaming\npm-cache\registry.npmjs.org\reflect-metadata\.cache.json
243 verbose correctMkdir C:\Users\HP\AppData\Roaming\npm-cache correctMkdir not in flight; initializing
244 silly resolveWithNewModule reflect-metadata@0.1.2 checking installable status
245 silly cache add args [ 'reflect-metadata@0.1.2', null ]
246 verbose cache add spec reflect-metadata@0.1.2
247 silly cache add parsed spec Result {
247 silly cache add   raw: 'reflect-metadata@0.1.2',
247 silly cache add   scope: null,
247 silly cache add   escapedName: 'reflect-metadata',
247 silly cache add   name: 'reflect-metadata',
247 silly cache add   rawSpec: '0.1.2',
247 silly cache add   spec: '0.1.2',
247 silly cache add   type: 'version' }
248 silly addNamed reflect-metadata@0.1.2
249 verbose addNamed "0.1.2" is a plain semver version for reflect-metadata
250 silly mapToRegistry name reflect-metadata
251 silly mapToRegistry using default registry
252 silly mapToRegistry registry https://registry.npmjs.org/
253 silly mapToRegistry data Result {
253 silly mapToRegistry   raw: 'reflect-metadata',
253 silly mapToRegistry   scope: null,
253 silly mapToRegistry   escapedName: 'reflect-metadata',
253 silly mapToRegistry   name: 'reflect-metadata',
253 silly mapToRegistry   rawSpec: '',
253 silly mapToRegistry   spec: 'latest',
253 silly mapToRegistry   type: 'tag' }
254 silly mapToRegistry uri https://registry.npmjs.org/reflect-metadata
255 verbose addNameVersion registry:https://registry.npmjs.org/reflect-metadata not in flight; fetching
256 verbose get https://registry.npmjs.org/reflect-metadata not expired, no request
257 silly cache afterAdd reflect-metadata@0.1.2
258 verbose afterAdd C:\Users\HP\AppData\Roaming\npm-cache\reflect-metadata\0.1.2\package\package.json not in flight; writing
259 verbose correctMkdir C:\Users\HP\AppData\Roaming\npm-cache correctMkdir not in flight; initializing
260 verbose afterAdd C:\Users\HP\AppData\Roaming\npm-cache\reflect-metadata\0.1.2\package\package.json written
261 http 304 https://registry.npmjs.org/es6-shim
262 verbose headers { date: 'Wed, 31 May 2017 06:13:59 GMT',
262 verbose headers   via: '1.1 varnish',
262 verbose headers   'cache-control': 'max-age=300',
262 verbose headers   etag: 'W/"58ef85ed-33f99"',
262 verbose headers   age: '109',
262 verbose headers   connection: 'keep-alive',
262 verbose headers   'x-served-by': 'cache-ams4429-AMS',
262 verbose headers   'x-cache': 'HIT',
262 verbose headers   'x-cache-hits': '1',
262 verbose headers   'x-timer': 'S1496211239.417046,VS0,VE1',
262 verbose headers   vary: 'Accept-Encoding' }
263 silly get cb [ 304,
263 silly get   { date: 'Wed, 31 May 2017 06:13:59 GMT',
263 silly get     via: '1.1 varnish',
263 silly get     'cache-control': 'max-age=300',
263 silly get     etag: 'W/"58ef85ed-33f99"',
263 silly get     age: '109',
263 silly get     connection: 'keep-alive',
263 silly get     'x-served-by': 'cache-ams4429-AMS',
263 silly get     'x-cache': 'HIT',
263 silly get     'x-cache-hits': '1',
263 silly get     'x-timer': 'S1496211239.417046,VS0,VE1',
263 silly get     vary: 'Accept-Encoding' } ]
264 verbose etag https://registry.npmjs.org/es6-shim from cache
265 verbose get saving es6-shim to C:\Users\HP\AppData\Roaming\npm-cache\registry.npmjs.org\es6-shim\.cache.json
266 verbose correctMkdir C:\Users\HP\AppData\Roaming\npm-cache correctMkdir not in flight; initializing
267 silly resolveWithNewModule es6-shim@0.33.13 checking installable status
268 silly cache add args [ 'es6-shim@^0.33.3', null ]
269 verbose cache add spec es6-shim@^0.33.3
270 silly cache add parsed spec Result {
270 silly cache add   raw: 'es6-shim@^0.33.3',
270 silly cache add   scope: null,
270 silly cache add   escapedName: 'es6-shim',
270 silly cache add   name: 'es6-shim',
270 silly cache add   rawSpec: '^0.33.3',
270 silly cache add   spec: '>=0.33.3 <0.34.0',
270 silly cache add   type: 'range' }
271 silly addNamed es6-shim@>=0.33.3 <0.34.0
272 verbose addNamed ">=0.33.3 <0.34.0" is a valid semver range for es6-shim
273 silly addNameRange { name: 'es6-shim', range: '>=0.33.3 <0.34.0', hasData: false }
274 silly mapToRegistry name es6-shim
275 silly mapToRegistry using default registry
276 silly mapToRegistry registry https://registry.npmjs.org/
277 silly mapToRegistry data Result {
277 silly mapToRegistry   raw: 'es6-shim',
277 silly mapToRegistry   scope: null,
277 silly mapToRegistry   escapedName: 'es6-shim',
277 silly mapToRegistry   name: 'es6-shim',
277 silly mapToRegistry   rawSpec: '',
277 silly mapToRegistry   spec: 'latest',
277 silly mapToRegistry   type: 'tag' }
278 silly mapToRegistry uri https://registry.npmjs.org/es6-shim
279 verbose addNameRange registry:https://registry.npmjs.org/es6-shim not in flight; fetching
280 verbose get https://registry.npmjs.org/es6-shim not expired, no request
281 silly addNameRange number 2 { name: 'es6-shim', range: '>=0.33.3 <0.34.0', hasData: true }
282 silly addNameRange versions [ 'es6-shim',
282 silly addNameRange   [ '0.1.0',
282 silly addNameRange     '0.2.0',
282 silly addNameRange     '0.2.1',
282 silly addNameRange     '0.3.0',
282 silly addNameRange     '0.3.1',
282 silly addNameRange     '0.4.0',
282 silly addNameRange     '0.4.1',
282 silly addNameRange     '0.5.0',
282 silly addNameRange     '0.5.1',
282 silly addNameRange     '0.5.2',
282 silly addNameRange     '0.5.3',
282 silly addNameRange     '0.6.0',
282 silly addNameRange     '0.7.0',
282 silly addNameRange     '0.8.0',
282 silly addNameRange     '0.9.0',
282 silly addNameRange     '0.9.1',
282 silly addNameRange     '0.9.2',
282 silly addNameRange     '0.9.3',
282 silly addNameRange     '0.10.0',
282 silly addNameRange     '0.10.1',
282 silly addNameRange     '0.11.0',
282 silly addNameRange     '0.11.1',
282 silly addNameRange     '0.12.0',
282 silly addNameRange     '0.13.0',
282 silly addNameRange     '0.14.0',
282 silly addNameRange     '0.15.0',
282 silly addNameRange     '0.15.1',
282 silly addNameRange     '0.16.0',
282 silly addNameRange     '0.17.0',
282 silly addNameRange     '0.18.0',
282 silly addNameRange     '0.19.0',
282 silly addNameRange     '0.19.1',
282 silly addNameRange     '0.19.2',
282 silly addNameRange     '0.20.0',
282 silly addNameRange     '0.20.1',
282 silly addNameRange     '0.20.2',
282 silly addNameRange     '0.20.3',
282 silly addNameRange     '0.20.4',
282 silly addNameRange     '0.21.0',
282 silly addNameRange     '0.21.1',
282 silly addNameRange     '0.22.0',
282 silly addNameRange     '0.22.1',
282 silly addNameRange     '0.22.2',
282 silly addNameRange     '0.23.0',
282 silly addNameRange     '0.24.0',
282 silly addNameRange     '0.25.0',
282 silly addNameRange     '0.25.1',
282 silly addNameRange     '0.25.2',
282 silly addNameRange     '0.25.3',
282 silly addNameRange     '0.26.0',
282 silly addNameRange     '0.26.1',
282 silly addNameRange     '0.27.1',
282 silly addNameRange     '0.28.1',
282 silly addNameRange     '0.29.0',
282 silly addNameRange     '0.30.0',
282 silly addNameRange     '0.31.0',
282 silly addNameRange     '0.31.1',
282 silly addNameRange     '0.31.2',
282 silly addNameRange     '0.31.3',
282 silly addNameRange     '0.32.0',
282 silly addNameRange     '0.32.1',
282 silly addNameRange     '0.32.2',
282 silly addNameRange     '0.33.0',
282 silly addNameRange     '0.33.1',
282 silly addNameRange     '0.33.2',
282 silly addNameRange     '0.33.3',
282 silly addNameRange     '0.33.4',
282 silly addNameRange     '0.33.5',
282 silly addNameRange     '0.33.6',
282 silly addNameRange     '0.33.7',
282 silly addNameRange     '0.33.8',
282 silly addNameRange     '0.33.9',
282 silly addNameRange     '0.33.10',
282 silly addNameRange     '0.33.11',
282 silly addNameRange     '0.33.12',
282 silly addNameRange     '0.33.13',
282 silly addNameRange     '0.34.0',
282 silly addNameRange     '0.34.1',
282 silly addNameRange     '0.34.2',
282 silly addNameRange     '0.34.3',
282 silly addNameRange     '0.34.4',
282 silly addNameRange     '0.35.0',
282 silly addNameRange     '0.35.1',
282 silly addNameRange     '0.35.2',
282 silly addNameRange     '0.35.3' ] ]
283 silly addNamed es6-shim@0.33.13
284 verbose addNamed "0.33.13" is a plain semver version for es6-shim
285 silly cache afterAdd es6-shim@0.33.13
286 verbose afterAdd C:\Users\HP\AppData\Roaming\npm-cache\es6-shim\0.33.13\package\package.json not in flight; writing
287 verbose correctMkdir C:\Users\HP\AppData\Roaming\npm-cache correctMkdir not in flight; initializing
288 verbose afterAdd C:\Users\HP\AppData\Roaming\npm-cache\es6-shim\0.33.13\package\package.json written
289 silly fetchAndShaCheck shasum 1945ac5aac66d338456c0c0a66a91d88ae81410f
290 verbose addTmpTarball C:\Users\HP\AppData\Local\Temp\npm-4880-90472645\registry.npmjs.org\rxjs\-\rxjs-5.0.0-beta.0.tgz not in flight; adding
291 verbose addTmpTarball already have metadata; skipping unpack for rxjs@5.0.0-beta.0
292 verbose correctMkdir C:\Users\HP\AppData\Roaming\npm-cache correctMkdir not in flight; initializing
293 silly cache afterAdd rxjs@5.0.0-beta.0
294 verbose afterAdd C:\Users\HP\AppData\Roaming\npm-cache\rxjs\5.0.0-beta.0\package\package.json not in flight; writing
295 verbose correctMkdir C:\Users\HP\AppData\Roaming\npm-cache correctMkdir not in flight; initializing
296 verbose afterAdd C:\Users\HP\AppData\Roaming\npm-cache\rxjs\5.0.0-beta.0\package\package.json written
297 info retry will retry, error on last attempt: Error: read ECONNRESET
298 silly fetchAndShaCheck shasum 97413fabc1eaf1547a081ba3ad4c61732db54837
299 silly rollbackFailedOptional Starting
300 silly rollbackFailedOptional Finishing
301 silly runTopLevelLifecycles Finishing
302 silly install printInstalled
303 verbose stack Error: shasum check failed for C:\Users\HP\AppData\Local\Temp\npm-4880-90472645\registry.npmjs.org\angular2\-\angular2-2.0.0-beta.0.tgz
303 verbose stack Expected: 97413fabc1eaf1547a081ba3ad4c61732db54837
303 verbose stack Actual:   be5dabc54765e63561a86b3a5c9c62ac2b9e53d1
303 verbose stack From:     https://registry.npmjs.org/angular2/-/angular2-2.0.0-beta.0.tgz
303 verbose stack     at C:\Program Files\nodejs\node_modules\npm\node_modules\sha\index.js:25:8
303 verbose stack     at ReadStream.<anonymous> (C:\Program Files\nodejs\node_modules\npm\node_modules\sha\index.js:72:7)
303 verbose stack     at emitNone (events.js:91:20)
303 verbose stack     at ReadStream.emit (events.js:185:7)
303 verbose stack     at endReadableNT (_stream_readable.js:974:12)
303 verbose stack     at _combinedTickCallback (internal/process/next_tick.js:80:11)
303 verbose stack     at process._tickCallback (internal/process/next_tick.js:104:9)
304 verbose cwd C:\Users\HP\Downloads\Angular2PianoNoteTrainingGame-master
305 error Windows_NT 6.1.7601
306 error argv "C:\\Program Files\\nodejs\\node.exe" "C:\\Program Files\\nodejs\\node_modules\\npm\\bin\\npm-cli.js" "install"
307 error node v6.10.3
308 error npm  v3.10.10
309 error shasum check failed for C:\Users\HP\AppData\Local\Temp\npm-4880-90472645\registry.npmjs.org\angular2\-\angular2-2.0.0-beta.0.tgz
309 error Expected: 97413fabc1eaf1547a081ba3ad4c61732db54837
309 error Actual:   be5dabc54765e63561a86b3a5c9c62ac2b9e53d1
309 error From:     https://registry.npmjs.org/angular2/-/angular2-2.0.0-beta.0.tgz
310 error If you need help, you may report this error at:
310 error     <https://github.com/npm/npm/issues>
311 verbose exit [ 1, true ]
